<?xml version="1.0" encoding="UTF-8"?>
<!-- Generated by org.testng.reporters.JUnitXMLReporter -->
<testsuite hostname="CAPHYD-LAP-081" ignored="0" name="ConsumerJourney" tests="2" failures="0" timestamp="16 Sep 2019 18:04:45 GMT" time="0.011" errors="0">
  <testcase name="AddProdcutToCart" time="0.002" classname="TestNG.FinalCode_TestNG.creatingTestSuit"/>
  <testcase name="CheckoutJourney" time="0.003" classname="TestNG.FinalCode_TestNG.creatingTestSuit"/>
</testsuite> <!-- ConsumerJourney -->
