<?xml version="1.0" encoding="UTF-8"?>
<!-- Generated by org.testng.reporters.JUnitXMLReporter -->
<testsuite hostname="CAPHYD-LAP-081" ignored="0" name="RegistrationLogin" tests="2" failures="1" timestamp="15 Sep 2019 18:03:16 GMT" time="0.05" errors="0">
  <testcase name="Registration" time="0.014" classname="TestNG.FinalCode_TestNG.testAnotations">
    <failure type="java.lang.AssertionError" message="Registration faailed">
      <![CDATA[java.lang.AssertionError: Registration faailed
at TestNG.FinalCode_TestNG.testAnotations.Registration(testAnotations.java:10)
... Removed 26 stack frames]]>
    </failure>
  </testcase> <!-- Registration -->
  <testcase name="Login" time="0.002" classname="TestNG.FinalCode_TestNG.testAnotations"/>
</testsuite> <!-- RegistrationLogin -->
